<?xml version="1.0" encoding="utf-8"?><testsuites name="pytest tests"><testsuite name="pytest" errors="0" failures="0" skipped="0" tests="25" time="7.711" timestamp="2026-04-22T02:47:07.413170+00:00" hostname="agent-env-5b76fe17-afee-42ec-b0f8-6ea7ab6fe9f0"><testcase classname="tests.backend_test.TestService" name="test_root" time="0.149" /><testcase classname="tests.backend_test.TestService" name="test_login_exporter" time="0.413" /><testcase classname="tests.backend_test.TestService" name="test_me" time="0.099" /><testcase classname="tests.backend_test.TestService" name="test_register_new_user" time="0.467" /><testcase classname="tests.backend_test.TestService" name="test_unauth_protected" time="0.109" /><testcase classname="tests.backend_test.TestService" name="test_buyer_cannot_admin" time="0.458" /><testcase classname="tests.backend_test.TestCatalog" name="test_fx" time="0.220" /><testcase classname="tests.backend_test.TestCatalog" name="test_list_products" time="0.111" /><testcase classname="tests.backend_test.TestCatalog" name="test_get_product" time="0.218" /><testcase classname="tests.backend_test.TestCatalog" name="test_products_mine_exporter" time="0.098" /><testcase classname="tests.backend_test.TestCatalog" name="test_create_update_delete" time="0.446" /><testcase classname="tests.backend_test.TestOnboarding" name="test_business_me_exporter" time="0.105" /><testcase classname="tests.backend_test.TestOnboarding" name="test_admin_verifications" time="0.433" /><testcase classname="tests.backend_test.TestOnboarding" name="test_business_creation_kyb_and_admin_decide" time="1.246" /><testcase classname="tests.backend_test.TestOrders" name="test_orders_mine_exporter" time="0.107" /><testcase classname="tests.backend_test.TestOrders" name="test_full_order_flow_buyer_to_payment" time="1.737" /><testcase classname="tests.backend_test.TestCompliance" name="test_documents" time="0.107" /><testcase classname="tests.backend_test.TestCompliance" name="test_score" time="0.124" /><testcase classname="tests.backend_test.TestCompliance" name="test_requirements" time="0.124" /><testcase classname="tests.backend_test.TestCompliance" name="test_add_document" time="0.239" /><testcase classname="tests.backend_test.TestFinance" name="test_dashboard" time="0.111" /><testcase classname="tests.backend_test.TestFinance" name="test_transactions" time="0.109" /><testcase classname="tests.backend_test.TestFinance" name="test_withdraw_insufficient_ngn" time="0.119" /><testcase classname="tests.backend_test.TestFinance" name="test_admin_overview" time="0.122" /><testcase classname="tests.backend_test.TestWebhooks" name="test_anchor_webhook_mock" time="0.125" /></testsuite></testsuites>