<?xml version="1.0" encoding="utf-8"?><testsuites name="pytest tests"><testsuite name="pytest" errors="0" failures="0" skipped="0" tests="10" time="4.657" timestamp="2026-04-22T03:50:52.884238+00:00" hostname="agent-env-5b76fe17-afee-42ec-b0f8-6ea7ab6fe9f0"><testcase classname="backend.tests.test_iteration4_retest.TestCreateListing" name="test_exporter_riby_dtc_happy_path" time="0.586" /><testcase classname="backend.tests.test_iteration4_retest.TestCreateListing" name="test_exporter_buyer_local_rejected" time="0.123" /><testcase classname="backend.tests.test_iteration4_retest.TestCreateListing" name="test_buyer_local_happy_path" time="0.450" /><testcase classname="backend.tests.test_iteration4_retest.TestCreateListing" name="test_buyer_riby_dtc_rejected" time="0.117" /><testcase classname="backend.tests.test_iteration4_retest.TestListingsMineAndMutations" name="test_exporter_listings_mine_has_created" time="0.102" /><testcase classname="backend.tests.test_iteration4_retest.TestListingsMineAndMutations" name="test_patch_own_listing_title" time="0.231" /><testcase classname="backend.tests.test_iteration4_retest.TestListingsMineAndMutations" name="test_delete_own_listing_cleanup" time="0.418" /><testcase classname="backend.tests.test_iteration4_retest.TestAtomicStock" name="test_concurrent_checkout_single_stock" time="1.048" /><testcase classname="backend.tests.test_iteration4_retest.TestSimulatePaymentResilience" name="test_simulate_payment_returns_200_no_outstanding" time="1.089" /><testcase classname="backend.tests.test_iteration4_retest.TestBuyerLocalRegression" name="test_consumer_buy_seeded_buyer_local" time="0.405" /></testsuite></testsuites>