<?xml version="1.0" encoding="utf-8"?><testsuites name="pytest tests"><testsuite name="pytest" errors="0" failures="0" skipped="0" tests="13" time="6.030" timestamp="2026-04-28T14:18:07.383094+00:00" hostname="agent-env-5b76fe17-afee-42ec-b0f8-6ea7ab6fe9f0"><testcase classname="backend.tests.test_iteration7_shop.TestShopCatalog" name="test_50_listings_active" time="0.221" /><testcase classname="backend.tests.test_iteration7_shop.TestShopCatalog" name="test_seven_plus_categories" time="0.163" /><testcase classname="backend.tests.test_iteration7_shop.TestShopCatalog" name="test_every_listing_has_photo" time="0.142" /><testcase classname="backend.tests.test_iteration7_shop.TestShopFilters" name="test_category_beauty" time="0.125" /><testcase classname="backend.tests.test_iteration7_shop.TestShopFilters" name="test_category_fashion_at_least_10" time="0.130" /><testcase classname="backend.tests.test_iteration7_shop.TestShopFilters" name="test_fulfillment_riby_dtc" time="0.122" /><testcase classname="backend.tests.test_iteration7_shop.TestShopFilters" name="test_search_shea" time="0.177" /><testcase classname="backend.tests.test_iteration7_shop.TestAuthRoleRegistration" name="test_register_consumer" time="0.707" /><testcase classname="backend.tests.test_iteration7_shop.TestAuthRoleRegistration" name="test_register_buyer" time="0.708" /><testcase classname="backend.tests.test_iteration7_shop.TestAuthRoleRegistration" name="test_register_exporter" time="0.727" /><testcase classname="backend.tests.test_iteration7_shop.TestEscrowRegression" name="test_place_and_confirm_credits_98_percent" time="1.439" /><testcase classname="backend.tests.test_iteration7_shop.TestCreditRegression" name="test_eligibility_endpoint" time="0.113" /><testcase classname="backend.tests.test_iteration7_shop.TestCreditRegression" name="test_apply_accept_disburse" time="1.176" /></testsuite></testsuites>