<?xml version="1.0" encoding="utf-8"?><testsuites name="pytest tests"><testsuite name="pytest" errors="0" failures="2" skipped="1" tests="24" time="7.989" timestamp="2026-04-22T03:46:16.250841+00:00" hostname="agent-env-5b76fe17-afee-42ec-b0f8-6ea7ab6fe9f0"><testcase classname="backend.tests.test_iteration3.TestShopListings" name="test_list_all_unauth" time="0.156" /><testcase classname="backend.tests.test_iteration3.TestShopListings" name="test_filter_riby_dtc" time="0.123" /><testcase classname="backend.tests.test_iteration3.TestShopListings" name="test_filter_buyer_local" time="0.114" /><testcase classname="backend.tests.test_iteration3.TestShopListings" name="test_get_listing_detail_unauth" time="0.226" /><testcase classname="backend.tests.test_iteration3.TestListingGuardrails" name="test_exporter_riby_dtc_ok" time="0.441"><failure message="AssertionError: Internal Server Error&#10;assert 500 == 200&#10; +  where 500 = &lt;Response [500]&gt;.status_code">backend/tests/test_iteration3.py:113: in test_exporter_riby_dtc_ok
    assert r.status_code == 200, r.text
E   AssertionError: Internal Server Error
E   assert 500 == 200
E    +  where 500 = &lt;Response [500]&gt;.status_code</failure></testcase><testcase classname="backend.tests.test_iteration3.TestListingGuardrails" name="test_exporter_buyer_local_forbidden" time="0.120" /><testcase classname="backend.tests.test_iteration3.TestListingGuardrails" name="test_buyer_local_ok" time="0.519"><failure message="AssertionError: Internal Server Error&#10;assert 500 == 200&#10; +  where 500 = &lt;Response [500]&gt;.status_code">backend/tests/test_iteration3.py:140: in test_buyer_local_ok
    assert r.status_code == 200, r.text
E   AssertionError: Internal Server Error
E   assert 500 == 200
E    +  where 500 = &lt;Response [500]&gt;.status_code</failure></testcase><testcase classname="backend.tests.test_iteration3.TestListingGuardrails" name="test_buyer_riby_dtc_forbidden" time="0.115" /><testcase classname="backend.tests.test_iteration3.TestConsumerCheckout" name="test_consumer_checkout_flow" time="0.984" /><testcase classname="backend.tests.test_iteration3.TestConsumerCheckout" name="test_consumer_checkout_credits_seller_and_fee" time="0.665" /><testcase classname="backend.tests.test_iteration3.TestConsumerCheckout" name="test_fulfillment_and_ship_deliver" time="0.924" /><testcase classname="backend.tests.test_iteration3.TestJompStartRoleIsolation" name="test_jomp_can_list_credit" time="0.426" /><testcase classname="backend.tests.test_iteration3.TestJompStartRoleIsolation" name="test_jomp_blocked_from_verifications" time="0.100" /><testcase classname="backend.tests.test_iteration3.TestJompStartRoleIsolation" name="test_jomp_blocked_from_disputes" time="0.097" /><testcase classname="backend.tests.test_iteration3.TestJompStartRoleIsolation" name="test_jomp_blocked_from_finance_overview" time="0.128" /><testcase classname="backend.tests.test_iteration3.TestJompStartRepayment" name="test_schedule_created" time="1.221" /><testcase classname="backend.tests.test_iteration3.TestJompStartRepayment" name="test_auto_debit_on_trade_payment" time="0.096"><skipped type="pytest.skip" message="no pending order available for trade-payment auto-debit test">/app/backend/tests/test_iteration3.py:311: no pending order available for trade-payment auto-debit test</skipped></testcase><testcase classname="backend.tests.test_iteration3.TestJompStartRepayment" name="test_auto_debit_on_consumer_order" time="0.623" /><testcase classname="backend.tests.test_iteration3.TestConsumerRoleRestrictions" name="test_businesses_me_null" time="0.112" /><testcase classname="backend.tests.test_iteration3.TestConsumerRoleRestrictions" name="test_orders_mine_empty" time="0.110" /><testcase classname="backend.tests.test_iteration3.TestConsumerRoleRestrictions" name="test_product_creation_blocked" time="0.104" /><testcase classname="backend.tests.test_iteration3.TestRegression" name="test_api_root" time="0.240" /><testcase classname="backend.tests.test_iteration3.TestRegression" name="test_products_list" time="0.104" /><testcase classname="backend.tests.test_iteration3.TestRegression" name="test_exporter_orders_mine" time="0.112" /></testsuite></testsuites>