<?xml version="1.0" encoding="utf-8"?><testsuites name="pytest tests"><testsuite name="pytest" errors="0" failures="0" skipped="0" tests="19" time="10.081" timestamp="2026-04-22T04:49:12.485978+00:00" hostname="agent-env-5b76fe17-afee-42ec-b0f8-6ea7ab6fe9f0"><testcase classname="backend.tests.test_iteration5_escrow_quotes.TestEscrowHeldOnCheckout" name="test_order_creates_escrow_held_no_credit" time="1.459" /><testcase classname="backend.tests.test_iteration5_escrow_quotes.TestConsumerConfirmDelivery" name="test_confirm_delivery_releases_escrow" time="0.451" /><testcase classname="backend.tests.test_iteration5_escrow_quotes.TestConsumerConfirmDelivery" name="test_idempotent_release" time="0.110" /><testcase classname="backend.tests.test_iteration5_escrow_quotes.TestSellerMarkDelivered" name="test_seller_delivered_releases_escrow" time="0.841" /><testcase classname="backend.tests.test_iteration5_escrow_quotes.TestQuoteFlowE2E" name="test_create_quote_pending" time="0.490" /><testcase classname="backend.tests.test_iteration5_escrow_quotes.TestQuoteFlowE2E" name="test_mine_returns_quote_both_sides" time="0.216" /><testcase classname="backend.tests.test_iteration5_escrow_quotes.TestQuoteFlowE2E" name="test_seller_responds_quoted" time="0.418" /><testcase classname="backend.tests.test_iteration5_escrow_quotes.TestQuoteFlowE2E" name="test_checkout_with_quote_converts_and_escrows" time="0.405" /><testcase classname="backend.tests.test_iteration5_escrow_quotes.TestQuoteDecline" name="test_consumer_decline_quote" time="0.611" /><testcase classname="backend.tests.test_iteration5_escrow_quotes.TestQuoteErrorCases" name="test_quote_on_different_listing_rejected_400" time="1.284" /><testcase classname="backend.tests.test_iteration5_escrow_quotes.TestQuoteErrorCases" name="test_quote_from_another_consumer_rejected_403" time="0.802" /><testcase classname="backend.tests.test_iteration5_escrow_quotes.TestQuoteErrorCases" name="test_quote_not_yet_quoted_rejected_400" time="0.627" /><testcase classname="backend.tests.test_iteration5_escrow_quotes.TestEscrowOverview" name="test_admin_overview" time="0.443" /><testcase classname="backend.tests.test_iteration5_escrow_quotes.TestEscrowOverview" name="test_buyer_forbidden_403" time="0.108" /><testcase classname="backend.tests.test_iteration5_escrow_quotes.TestEscrowOverview" name="test_exporter_forbidden_403" time="0.106" /><testcase classname="backend.tests.test_iteration5_escrow_quotes.TestJompStartAutoDebitOnRelease" name="test_full_flow_auto_debit" time="1.283" /><testcase classname="backend.tests.test_iteration5_escrow_quotes.TestRegression" name="test_seeded_listings_count" time="0.117" /><testcase classname="backend.tests.test_iteration5_escrow_quotes.TestRegression" name="test_exporter_riby_dtc_listing_still_works" time="0.094" /><testcase classname="backend.tests.test_iteration5_escrow_quotes.TestRegression" name="test_credit_smoke_mine" time="0.110" /></testsuite></testsuites>