<?xml version="1.0" encoding="utf-8"?><testsuites name="pytest tests"><testsuite name="pytest" errors="0" failures="0" skipped="0" tests="18" time="4.752" timestamp="2026-04-22T03:21:28.487584+00:00" hostname="agent-env-5b76fe17-afee-42ec-b0f8-6ea7ab6fe9f0"><testcase classname="backend.tests.test_credit.TestRegression" name="test_root_online" time="0.122" /><testcase classname="backend.tests.test_credit.TestRegression" name="test_login_exporter" time="0.368" /><testcase classname="backend.tests.test_credit.TestRegression" name="test_finance_dashboard_balances" time="0.155" /><testcase classname="backend.tests.test_credit.TestRegression" name="test_orders_mine" time="0.142" /><testcase classname="backend.tests.test_credit.TestRegression" name="test_compliance_score_75_plus" time="0.151" /><testcase classname="backend.tests.test_credit.TestEligibility" name="test_eligibility_exporter_eligible" time="0.143" /><testcase classname="backend.tests.test_credit.TestEligibility" name="test_eligibility_buyer_not_eligible" time="0.506" /><testcase classname="backend.tests.test_credit.TestCreditHappyPath" name="test_submit_application" time="0.439" /><testcase classname="backend.tests.test_credit.TestCreditHappyPath" name="test_submit_exceeds_limit_400" time="0.125" /><testcase classname="backend.tests.test_credit.TestCreditHappyPath" name="test_my_applications_lists_submitted" time="0.114" /><testcase classname="backend.tests.test_credit.TestCreditHappyPath" name="test_get_own_application" time="0.104" /><testcase classname="backend.tests.test_credit.TestCreditHappyPath" name="test_get_other_users_application_403" time="0.113" /><testcase classname="backend.tests.test_credit.TestCreditHappyPath" name="test_admin_list_buyer_403" time="0.149" /><testcase classname="backend.tests.test_credit.TestCreditHappyPath" name="test_admin_list_includes_decoration" time="0.456" /><testcase classname="backend.tests.test_credit.TestCreditHappyPath" name="test_admin_offer_decision" time="0.399" /><testcase classname="backend.tests.test_credit.TestCreditHappyPath" name="test_exporter_accept_creates_disbursement_tx" time="0.216" /><testcase classname="backend.tests.test_credit.TestCreditHappyPath" name="test_disbursement_tx_appears_in_finance" time="0.109" /><testcase classname="backend.tests.test_credit.TestCreditRejection" name="test_reject_fresh_application" time="0.848" /></testsuite></testsuites>