<?xml version="1.0" encoding="utf-8"?><testsuites name="pytest tests"><testsuite name="pytest" errors="0" failures="0" skipped="1" tests="17" time="2.633" timestamp="2026-04-29T05:36:15.312379+00:00" hostname="agent-env-5b76fe17-afee-42ec-b0f8-6ea7ab6fe9f0"><testcase classname="backend.tests.test_iteration8_withdrawals" name="test_withdrawal_banks_list" time="0.519" /><testcase classname="backend.tests.test_iteration8_withdrawals" name="test_create_usd_account_happy" time="0.065" /><testcase classname="backend.tests.test_iteration8_withdrawals" name="test_create_usd_missing_bank_name" time="0.052" /><testcase classname="backend.tests.test_iteration8_withdrawals" name="test_create_usd_bad_routing" time="0.047" /><testcase classname="backend.tests.test_iteration8_withdrawals" name="test_create_usd_bad_type" time="0.047" /><testcase classname="backend.tests.test_iteration8_withdrawals" name="test_create_ngn_account_happy" time="0.053" /><testcase classname="backend.tests.test_iteration8_withdrawals" name="test_create_ngn_bad_account_number" time="0.045" /><testcase classname="backend.tests.test_iteration8_withdrawals" name="test_create_ngn_unknown_bank" time="0.047" /><testcase classname="backend.tests.test_iteration8_withdrawals" name="test_list_accounts_and_filter" time="0.092" /><testcase classname="backend.tests.test_iteration8_withdrawals" name="test_patch_rename_default_active" time="0.093" /><testcase classname="backend.tests.test_iteration8_withdrawals" name="test_withdraw_amount_exceeds_balance" time="0.044" /><testcase classname="backend.tests.test_iteration8_withdrawals" name="test_withdraw_unknown_account" time="0.050" /><testcase classname="backend.tests.test_iteration8_withdrawals" name="test_withdraw_usd_happy" time="0.843" /><testcase classname="backend.tests.test_iteration8_withdrawals" name="test_withdraw_ngn_happy_and_balance_reduces" time="0.044"><skipped type="pytest.skip" message="no NGN balance to withdraw against">/app/backend/tests/test_iteration8_withdrawals.py:225: no NGN balance to withdraw against</skipped></testcase><testcase classname="backend.tests.test_iteration8_withdrawals" name="test_delete_soft_then_withdraw_404" time="0.188" /><testcase classname="backend.tests.test_iteration8_withdrawals" name="test_shop_listings_50_photos" time="0.172" /><testcase classname="backend.tests.test_iteration8_withdrawals" name="test_zzz_cleanup" time="0.139" /></testsuite></testsuites>