<?xml version="1.0" encoding="utf-8"?><testsuites name="pytest tests"><testsuite name="pytest" errors="0" failures="2" skipped="0" tests="29" time="19.066" timestamp="2026-04-22T05:09:54.404705+00:00" hostname="agent-env-5b76fe17-afee-42ec-b0f8-6ea7ab6fe9f0"><testcase classname="backend.tests.test_iteration6_fixes.TestLedgerNet98Percent" name="test_confirm_delivery_credits_exactly_net" time="1.713"><failure message="AssertionError: Seller USD ledger delta 0.95 != expected 87.22 (gross 89.0)&#10;assert 0.95 == 87.22">backend/tests/test_iteration6_fixes.py:116: in test_confirm_delivery_credits_exactly_net
    assert delta == expected, (
E   AssertionError: Seller USD ledger delta 0.95 != expected 87.22 (gross 89.0)
E   assert 0.95 == 87.22</failure></testcase><testcase classname="backend.tests.test_iteration6_fixes.TestLedgerNet98Percent" name="test_seller_delivered_credits_exactly_net" time="0.748"><failure message="AssertionError: delta -37.27 != 49.00 for $50 order&#10;assert -37.27 == 49.0">backend/tests/test_iteration6_fixes.py:137: in test_seller_delivered_credits_exactly_net
    assert delta == 49.0, f"delta {delta} != 49.00 for $50 order"
E   AssertionError: delta -37.27 != 49.00 for $50 order
E   assert -37.27 == 49.0</failure></testcase><testcase classname="backend.tests.test_iteration6_fixes.TestLedgerNet98Percent" name="test_idempotent_release_already_released" time="1.747" /><testcase classname="backend.tests.test_iteration6_fixes.TestQuoteQuantityMismatch" name="test_mismatched_quantity_rejected_400" time="0.783" /><testcase classname="backend.tests.test_iteration6_fixes.TestQuoteDeclineStatusGuard" name="test_decline_on_converted_rejected" time="1.162" /><testcase classname="backend.tests.test_iteration6_fixes.TestQuoteDeclineStatusGuard" name="test_decline_on_already_declined_rejected" time="0.726" /><testcase classname="backend.tests.test_iteration6_fixes.TestQuoteRBAC" name="test_exporter_cannot_quote" time="0.218" /><testcase classname="backend.tests.test_iteration6_fixes.TestQuoteRBAC" name="test_buyer_cannot_quote" time="0.558" /><testcase classname="backend.tests.test_iteration6_fixes.TestQuoteRBAC" name="test_consumer_can_quote" time="0.467" /><testcase classname="backend.tests.test_iteration6_fixes.TestCreditAcceptDisbursementTxId" name="test_accept_response_field" time="1.029" /><testcase classname="backend.tests.test_iteration5_escrow_quotes.TestEscrowHeldOnCheckout" name="test_order_creates_escrow_held_no_credit" time="1.344" /><testcase classname="backend.tests.test_iteration5_escrow_quotes.TestConsumerConfirmDelivery" name="test_confirm_delivery_releases_escrow" time="0.436" /><testcase classname="backend.tests.test_iteration5_escrow_quotes.TestConsumerConfirmDelivery" name="test_idempotent_release" time="0.144" /><testcase classname="backend.tests.test_iteration5_escrow_quotes.TestSellerMarkDelivered" name="test_seller_delivered_releases_escrow" time="0.735" /><testcase classname="backend.tests.test_iteration5_escrow_quotes.TestQuoteFlowE2E" name="test_create_quote_pending" time="0.403" /><testcase classname="backend.tests.test_iteration5_escrow_quotes.TestQuoteFlowE2E" name="test_mine_returns_quote_both_sides" time="0.230" /><testcase classname="backend.tests.test_iteration5_escrow_quotes.TestQuoteFlowE2E" name="test_seller_responds_quoted" time="0.390" /><testcase classname="backend.tests.test_iteration5_escrow_quotes.TestQuoteFlowE2E" name="test_checkout_with_quote_converts_and_escrows" time="0.422" /><testcase classname="backend.tests.test_iteration5_escrow_quotes.TestQuoteDecline" name="test_consumer_decline_quote" time="0.727" /><testcase classname="backend.tests.test_iteration5_escrow_quotes.TestQuoteErrorCases" name="test_quote_on_different_listing_rejected_400" time="1.338" /><testcase classname="backend.tests.test_iteration5_escrow_quotes.TestQuoteErrorCases" name="test_quote_from_another_consumer_rejected_403" time="0.790" /><testcase classname="backend.tests.test_iteration5_escrow_quotes.TestQuoteErrorCases" name="test_quote_not_yet_quoted_rejected_400" time="0.510" /><testcase classname="backend.tests.test_iteration5_escrow_quotes.TestEscrowOverview" name="test_admin_overview" time="0.432" /><testcase classname="backend.tests.test_iteration5_escrow_quotes.TestEscrowOverview" name="test_buyer_forbidden_403" time="0.098" /><testcase classname="backend.tests.test_iteration5_escrow_quotes.TestEscrowOverview" name="test_exporter_forbidden_403" time="0.261" /><testcase classname="backend.tests.test_iteration5_escrow_quotes.TestJompStartAutoDebitOnRelease" name="test_full_flow_auto_debit" time="1.200" /><testcase classname="backend.tests.test_iteration5_escrow_quotes.TestRegression" name="test_seeded_listings_count" time="0.109" /><testcase classname="backend.tests.test_iteration5_escrow_quotes.TestRegression" name="test_exporter_riby_dtc_listing_still_works" time="0.102" /><testcase classname="backend.tests.test_iteration5_escrow_quotes.TestRegression" name="test_credit_smoke_mine" time="0.117" /></testsuite></testsuites>